<?xml version="1.0" encoding="UTF-8"?>
<testsuite xmlns:xsi="http://www.w3.org/2001/XMLSchema-instance" xsi:noNamespaceSchemaLocation="https://maven.apache.org/surefire/maven-surefire-plugin/xsd/surefire-test-report.xsd" name="TestSuite" time="99.763" tests="4" errors="0" skipped="0" failures="0">
  <properties>
    <property name="java.specification.version" value="15"/>
    <property name="sun.cpu.isalist" value="amd64"/>
    <property name="sun.jnu.encoding" value="Cp1252"/>
    <property name="java.class.path" value="C:\Users\GSharma\eclipse-workspace\Assignment\AssignmentProject_POM_Framework\target\test-classes;C:\Users\GSharma\eclipse-workspace\Assignment\AssignmentProject_POM_Framework\target\classes;C:\Users\GSharma\.m2\repository\io\github\bonigarcia\webdrivermanager\4.2.0\webdrivermanager-4.2.0.jar;C:\Users\GSharma\.m2\repository\org\slf4j\slf4j-api\1.7.30\slf4j-api-1.7.30.jar;C:\Users\GSharma\.m2\repository\com\google\code\gson\gson\2.8.6\gson-2.8.6.jar;C:\Users\GSharma\.m2\repository\org\apache\httpcomponents\client5\httpclient5\5.0.1\httpclient5-5.0.1.jar;C:\Users\GSharma\.m2\repository\org\apache\httpcomponents\core5\httpcore5\5.0.1\httpcore5-5.0.1.jar;C:\Users\GSharma\.m2\repository\org\apache\httpcomponents\core5\httpcore5-h2\5.0.1\httpcore5-h2-5.0.1.jar;C:\Users\GSharma\.m2\repository\org\rauschig\jarchivelib\1.0.0\jarchivelib-1.0.0.jar;C:\Users\GSharma\.m2\repository\org\apache\commons\commons-compress\1.18\commons-compress-1.18.jar;C:\Users\GSharma\.m2\repository\org\jsoup\jsoup\1.13.1\jsoup-1.13.1.jar;C:\Users\GSharma\.m2\repository\org\bouncycastle\bcprov-jdk15on\1.65.01\bcprov-jdk15on-1.65.01.jar;C:\Users\GSharma\.m2\repository\org\testng\testng\6.14.3\testng-6.14.3.jar;C:\Users\GSharma\.m2\repository\com\beust\jcommander\1.72\jcommander-1.72.jar;C:\Users\GSharma\.m2\repository\org\apache-extras\beanshell\bsh\2.0b6\bsh-2.0b6.jar;C:\Users\GSharma\.m2\repository\org\seleniumhq\selenium\htmlunit-driver\2.43.1\htmlunit-driver-2.43.1.jar;C:\Users\GSharma\.m2\repository\org\seleniumhq\selenium\selenium-api\3.141.59\selenium-api-3.141.59.jar;C:\Users\GSharma\.m2\repository\org\seleniumhq\selenium\selenium-support\3.141.59\selenium-support-3.141.59.jar;C:\Users\GSharma\.m2\repository\net\sourceforge\htmlunit\htmlunit\2.43.0\htmlunit-2.43.0.jar;C:\Users\GSharma\.m2\repository\xalan\xalan\2.7.2\xalan-2.7.2.jar;C:\Users\GSharma\.m2\repository\xalan\serializer\2.7.2\serializer-2.7.2.jar;C:\Users\GSharma\.m2\repository\org\apache\commons\commons-text\1.9\commons-text-1.9.jar;C:\Users\GSharma\.m2\repository\org\apache\httpcomponents\httpmime\4.5.12\httpmime-4.5.12.jar;C:\Users\GSharma\.m2\repository\org\apache\httpcomponents\httpclient\4.5.12\httpclient-4.5.12.jar;C:\Users\GSharma\.m2\repository\org\apache\httpcomponents\httpcore\4.4.13\httpcore-4.4.13.jar;C:\Users\GSharma\.m2\repository\net\sourceforge\htmlunit\htmlunit-core-js\2.43.0\htmlunit-core-js-2.43.0.jar;C:\Users\GSharma\.m2\repository\net\sourceforge\htmlunit\neko-htmlunit\2.43.0\neko-htmlunit-2.43.0.jar;C:\Users\GSharma\.m2\repository\xerces\xercesImpl\2.12.0\xercesImpl-2.12.0.jar;C:\Users\GSharma\.m2\repository\xml-apis\xml-apis\1.4.01\xml-apis-1.4.01.jar;C:\Users\GSharma\.m2\repository\net\sourceforge\htmlunit\htmlunit-cssparser\1.5.0\htmlunit-cssparser-1.5.0.jar;C:\Users\GSharma\.m2\repository\commons-logging\commons-logging\1.2\commons-logging-1.2.jar;C:\Users\GSharma\.m2\repository\commons-net\commons-net\3.7\commons-net-3.7.jar;C:\Users\GSharma\.m2\repository\org\brotli\dec\0.1.2\dec-0.1.2.jar;C:\Users\GSharma\.m2\repository\com\shapesecurity\salvation\2.7.2\salvation-2.7.2.jar;C:\Users\GSharma\.m2\repository\org\eclipse\jetty\websocket\websocket-client\9.4.31.v20200723\websocket-client-9.4.31.v20200723.jar;C:\Users\GSharma\.m2\repository\org\eclipse\jetty\jetty-client\9.4.31.v20200723\jetty-client-9.4.31.v20200723.jar;C:\Users\GSharma\.m2\repository\org\eclipse\jetty\jetty-http\9.4.31.v20200723\jetty-http-9.4.31.v20200723.jar;C:\Users\GSharma\.m2\repository\org\eclipse\jetty\jetty-xml\9.4.31.v20200723\jetty-xml-9.4.31.v20200723.jar;C:\Users\GSharma\.m2\repository\org\eclipse\jetty\jetty-util\9.4.31.v20200723\jetty-util-9.4.31.v20200723.jar;C:\Users\GSharma\.m2\repository\org\eclipse\jetty\jetty-io\9.4.31.v20200723\jetty-io-9.4.31.v20200723.jar;C:\Users\GSharma\.m2\repository\org\eclipse\jetty\websocket\websocket-common\9.4.31.v20200723\websocket-common-9.4.31.v20200723.jar;C:\Users\GSharma\.m2\repository\org\eclipse\jetty\websocket\websocket-api\9.4.31.v20200723\websocket-api-9.4.31.v20200723.jar;C:\Users\GSharma\.m2\repository\com\relevantcodes\extentreports\2.41.2\extentreports-2.41.2.jar;C:\Users\GSharma\.m2\repository\org\xerial\sqlite-jdbc\3.8.11.1\sqlite-jdbc-3.8.11.1.jar;C:\Users\GSharma\.m2\repository\org\freemarker\freemarker\2.3.23\freemarker-2.3.23.jar;C:\Users\GSharma\.m2\repository\org\mongodb\mongodb-driver\3.0.4\mongodb-driver-3.0.4.jar;C:\Users\GSharma\.m2\repository\org\mongodb\bson\3.0.4\bson-3.0.4.jar;C:\Users\GSharma\.m2\repository\org\mongodb\mongodb-driver-core\3.0.4\mongodb-driver-core-3.0.4.jar;C:\Users\GSharma\.m2\repository\org\apache\commons\commons-lang3\3.9\commons-lang3-3.9.jar;C:\Users\GSharma\.m2\repository\commons-io\commons-io\2.6\commons-io-2.6.jar;C:\Users\GSharma\.m2\repository\org\seleniumhq\selenium\selenium-java\3.141.59\selenium-java-3.141.59.jar;C:\Users\GSharma\.m2\repository\org\seleniumhq\selenium\selenium-chrome-driver\3.141.59\selenium-chrome-driver-3.141.59.jar;C:\Users\GSharma\.m2\repository\org\seleniumhq\selenium\selenium-edge-driver\3.141.59\selenium-edge-driver-3.141.59.jar;C:\Users\GSharma\.m2\repository\org\seleniumhq\selenium\selenium-firefox-driver\3.141.59\selenium-firefox-driver-3.141.59.jar;C:\Users\GSharma\.m2\repository\org\seleniumhq\selenium\selenium-ie-driver\3.141.59\selenium-ie-driver-3.141.59.jar;C:\Users\GSharma\.m2\repository\org\seleniumhq\selenium\selenium-opera-driver\3.141.59\selenium-opera-driver-3.141.59.jar;C:\Users\GSharma\.m2\repository\org\seleniumhq\selenium\selenium-remote-driver\3.141.59\selenium-remote-driver-3.141.59.jar;C:\Users\GSharma\.m2\repository\org\seleniumhq\selenium\selenium-safari-driver\3.141.59\selenium-safari-driver-3.141.59.jar;C:\Users\GSharma\.m2\repository\net\bytebuddy\byte-buddy\1.8.15\byte-buddy-1.8.15.jar;C:\Users\GSharma\.m2\repository\org\apache\commons\commons-exec\1.3\commons-exec-1.3.jar;C:\Users\GSharma\.m2\repository\com\google\guava\guava\25.0-jre\guava-25.0-jre.jar;C:\Users\GSharma\.m2\repository\com\google\code\findbugs\jsr305\1.3.9\jsr305-1.3.9.jar;C:\Users\GSharma\.m2\repository\org\checkerframework\checker-compat-qual\2.0.0\checker-compat-qual-2.0.0.jar;C:\Users\GSharma\.m2\repository\com\google\errorprone\error_prone_annotations\2.1.3\error_prone_annotations-2.1.3.jar;C:\Users\GSharma\.m2\repository\com\google\j2objc\j2objc-annotations\1.1\j2objc-annotations-1.1.jar;C:\Users\GSharma\.m2\repository\org\codehaus\mojo\animal-sniffer-annotations\1.14\animal-sniffer-annotations-1.14.jar;C:\Users\GSharma\.m2\repository\com\squareup\okhttp3\okhttp\3.11.0\okhttp-3.11.0.jar;C:\Users\GSharma\.m2\repository\com\squareup\okio\okio\1.14.0\okio-1.14.0.jar;C:\Users\GSharma\.m2\repository\org\apache\poi\poi\4.1.0\poi-4.1.0.jar;C:\Users\GSharma\.m2\repository\commons-codec\commons-codec\1.12\commons-codec-1.12.jar;C:\Users\GSharma\.m2\repository\org\apache\commons\commons-collections4\4.3\commons-collections4-4.3.jar;C:\Users\GSharma\.m2\repository\org\apache\commons\commons-math3\3.6.1\commons-math3-3.6.1.jar;D:\ATUTestRecorder_2.1\ATUTestRecorder_2.1.jar;"/>
    <property name="java.vm.vendor" value="Oracle Corporation"/>
    <property name="sun.arch.data.model" value="64"/>
    <property name="user.variant" value=""/>
    <property name="java.vendor.url" value="https://java.oracle.com/"/>
    <property name="user.timezone" value="Asia/Calcutta"/>
    <property name="os.name" value="Windows 10"/>
    <property name="java.vm.specification.version" value="15"/>
    <property name="sun.java.launcher" value="SUN_STANDARD"/>
    <property name="user.country" value="IN"/>
    <property name="sun.boot.library.path" value="C:\Users\GSharma\.p2\pool\plugins\org.eclipse.justj.openjdk.hotspot.jre.full.win32.x86_64_15.0.2.v20210201-0955\jre\bin"/>
    <property name="sun.java.command" value="C:\Users\GSharma\AppData\Local\Temp\surefire12244704255981537982\surefirebooter18436917104260139175.jar C:\Users\GSharma\AppData\Local\Temp\surefire12244704255981537982 2021-04-22T18-17-12_127-jvmRun1 surefire16433718172240628648tmp surefire_0260885589733161628tmp"/>
    <property name="jdk.debug" value="release"/>
    <property name="surefire.test.class.path" value="C:\Users\GSharma\eclipse-workspace\Assignment\AssignmentProject_POM_Framework\target\test-classes;C:\Users\GSharma\eclipse-workspace\Assignment\AssignmentProject_POM_Framework\target\classes;C:\Users\GSharma\.m2\repository\io\github\bonigarcia\webdrivermanager\4.2.0\webdrivermanager-4.2.0.jar;C:\Users\GSharma\.m2\repository\org\slf4j\slf4j-api\1.7.30\slf4j-api-1.7.30.jar;C:\Users\GSharma\.m2\repository\com\google\code\gson\gson\2.8.6\gson-2.8.6.jar;C:\Users\GSharma\.m2\repository\org\apache\httpcomponents\client5\httpclient5\5.0.1\httpclient5-5.0.1.jar;C:\Users\GSharma\.m2\repository\org\apache\httpcomponents\core5\httpcore5\5.0.1\httpcore5-5.0.1.jar;C:\Users\GSharma\.m2\repository\org\apache\httpcomponents\core5\httpcore5-h2\5.0.1\httpcore5-h2-5.0.1.jar;C:\Users\GSharma\.m2\repository\org\rauschig\jarchivelib\1.0.0\jarchivelib-1.0.0.jar;C:\Users\GSharma\.m2\repository\org\apache\commons\commons-compress\1.18\commons-compress-1.18.jar;C:\Users\GSharma\.m2\repository\org\jsoup\jsoup\1.13.1\jsoup-1.13.1.jar;C:\Users\GSharma\.m2\repository\org\bouncycastle\bcprov-jdk15on\1.65.01\bcprov-jdk15on-1.65.01.jar;C:\Users\GSharma\.m2\repository\org\testng\testng\6.14.3\testng-6.14.3.jar;C:\Users\GSharma\.m2\repository\com\beust\jcommander\1.72\jcommander-1.72.jar;C:\Users\GSharma\.m2\repository\org\apache-extras\beanshell\bsh\2.0b6\bsh-2.0b6.jar;C:\Users\GSharma\.m2\repository\org\seleniumhq\selenium\htmlunit-driver\2.43.1\htmlunit-driver-2.43.1.jar;C:\Users\GSharma\.m2\repository\org\seleniumhq\selenium\selenium-api\3.141.59\selenium-api-3.141.59.jar;C:\Users\GSharma\.m2\repository\org\seleniumhq\selenium\selenium-support\3.141.59\selenium-support-3.141.59.jar;C:\Users\GSharma\.m2\repository\net\sourceforge\htmlunit\htmlunit\2.43.0\htmlunit-2.43.0.jar;C:\Users\GSharma\.m2\repository\xalan\xalan\2.7.2\xalan-2.7.2.jar;C:\Users\GSharma\.m2\repository\xalan\serializer\2.7.2\serializer-2.7.2.jar;C:\Users\GSharma\.m2\repository\org\apache\commons\commons-text\1.9\commons-text-1.9.jar;C:\Users\GSharma\.m2\repository\org\apache\httpcomponents\httpmime\4.5.12\httpmime-4.5.12.jar;C:\Users\GSharma\.m2\repository\org\apache\httpcomponents\httpclient\4.5.12\httpclient-4.5.12.jar;C:\Users\GSharma\.m2\repository\org\apache\httpcomponents\httpcore\4.4.13\httpcore-4.4.13.jar;C:\Users\GSharma\.m2\repository\net\sourceforge\htmlunit\htmlunit-core-js\2.43.0\htmlunit-core-js-2.43.0.jar;C:\Users\GSharma\.m2\repository\net\sourceforge\htmlunit\neko-htmlunit\2.43.0\neko-htmlunit-2.43.0.jar;C:\Users\GSharma\.m2\repository\xerces\xercesImpl\2.12.0\xercesImpl-2.12.0.jar;C:\Users\GSharma\.m2\repository\xml-apis\xml-apis\1.4.01\xml-apis-1.4.01.jar;C:\Users\GSharma\.m2\repository\net\sourceforge\htmlunit\htmlunit-cssparser\1.5.0\htmlunit-cssparser-1.5.0.jar;C:\Users\GSharma\.m2\repository\commons-logging\commons-logging\1.2\commons-logging-1.2.jar;C:\Users\GSharma\.m2\repository\commons-net\commons-net\3.7\commons-net-3.7.jar;C:\Users\GSharma\.m2\repository\org\brotli\dec\0.1.2\dec-0.1.2.jar;C:\Users\GSharma\.m2\repository\com\shapesecurity\salvation\2.7.2\salvation-2.7.2.jar;C:\Users\GSharma\.m2\repository\org\eclipse\jetty\websocket\websocket-client\9.4.31.v20200723\websocket-client-9.4.31.v20200723.jar;C:\Users\GSharma\.m2\repository\org\eclipse\jetty\jetty-client\9.4.31.v20200723\jetty-client-9.4.31.v20200723.jar;C:\Users\GSharma\.m2\repository\org\eclipse\jetty\jetty-http\9.4.31.v20200723\jetty-http-9.4.31.v20200723.jar;C:\Users\GSharma\.m2\repository\org\eclipse\jetty\jetty-xml\9.4.31.v20200723\jetty-xml-9.4.31.v20200723.jar;C:\Users\GSharma\.m2\repository\org\eclipse\jetty\jetty-util\9.4.31.v20200723\jetty-util-9.4.31.v20200723.jar;C:\Users\GSharma\.m2\repository\org\eclipse\jetty\jetty-io\9.4.31.v20200723\jetty-io-9.4.31.v20200723.jar;C:\Users\GSharma\.m2\repository\org\eclipse\jetty\websocket\websocket-common\9.4.31.v20200723\websocket-common-9.4.31.v20200723.jar;C:\Users\GSharma\.m2\repository\org\eclipse\jetty\websocket\websocket-api\9.4.31.v20200723\websocket-api-9.4.31.v20200723.jar;C:\Users\GSharma\.m2\repository\com\relevantcodes\extentreports\2.41.2\extentreports-2.41.2.jar;C:\Users\GSharma\.m2\repository\org\xerial\sqlite-jdbc\3.8.11.1\sqlite-jdbc-3.8.11.1.jar;C:\Users\GSharma\.m2\repository\org\freemarker\freemarker\2.3.23\freemarker-2.3.23.jar;C:\Users\GSharma\.m2\repository\org\mongodb\mongodb-driver\3.0.4\mongodb-driver-3.0.4.jar;C:\Users\GSharma\.m2\repository\org\mongodb\bson\3.0.4\bson-3.0.4.jar;C:\Users\GSharma\.m2\repository\org\mongodb\mongodb-driver-core\3.0.4\mongodb-driver-core-3.0.4.jar;C:\Users\GSharma\.m2\repository\org\apache\commons\commons-lang3\3.9\commons-lang3-3.9.jar;C:\Users\GSharma\.m2\repository\commons-io\commons-io\2.6\commons-io-2.6.jar;C:\Users\GSharma\.m2\repository\org\seleniumhq\selenium\selenium-java\3.141.59\selenium-java-3.141.59.jar;C:\Users\GSharma\.m2\repository\org\seleniumhq\selenium\selenium-chrome-driver\3.141.59\selenium-chrome-driver-3.141.59.jar;C:\Users\GSharma\.m2\repository\org\seleniumhq\selenium\selenium-edge-driver\3.141.59\selenium-edge-driver-3.141.59.jar;C:\Users\GSharma\.m2\repository\org\seleniumhq\selenium\selenium-firefox-driver\3.141.59\selenium-firefox-driver-3.141.59.jar;C:\Users\GSharma\.m2\repository\org\seleniumhq\selenium\selenium-ie-driver\3.141.59\selenium-ie-driver-3.141.59.jar;C:\Users\GSharma\.m2\repository\org\seleniumhq\selenium\selenium-opera-driver\3.141.59\selenium-opera-driver-3.141.59.jar;C:\Users\GSharma\.m2\repository\org\seleniumhq\selenium\selenium-remote-driver\3.141.59\selenium-remote-driver-3.141.59.jar;C:\Users\GSharma\.m2\repository\org\seleniumhq\selenium\selenium-safari-driver\3.141.59\selenium-safari-driver-3.141.59.jar;C:\Users\GSharma\.m2\repository\net\bytebuddy\byte-buddy\1.8.15\byte-buddy-1.8.15.jar;C:\Users\GSharma\.m2\repository\org\apache\commons\commons-exec\1.3\commons-exec-1.3.jar;C:\Users\GSharma\.m2\repository\com\google\guava\guava\25.0-jre\guava-25.0-jre.jar;C:\Users\GSharma\.m2\repository\com\google\code\findbugs\jsr305\1.3.9\jsr305-1.3.9.jar;C:\Users\GSharma\.m2\repository\org\checkerframework\checker-compat-qual\2.0.0\checker-compat-qual-2.0.0.jar;C:\Users\GSharma\.m2\repository\com\google\errorprone\error_prone_annotations\2.1.3\error_prone_annotations-2.1.3.jar;C:\Users\GSharma\.m2\repository\com\google\j2objc\j2objc-annotations\1.1\j2objc-annotations-1.1.jar;C:\Users\GSharma\.m2\repository\org\codehaus\mojo\animal-sniffer-annotations\1.14\animal-sniffer-annotations-1.14.jar;C:\Users\GSharma\.m2\repository\com\squareup\okhttp3\okhttp\3.11.0\okhttp-3.11.0.jar;C:\Users\GSharma\.m2\repository\com\squareup\okio\okio\1.14.0\okio-1.14.0.jar;C:\Users\GSharma\.m2\repository\org\apache\poi\poi\4.1.0\poi-4.1.0.jar;C:\Users\GSharma\.m2\repository\commons-codec\commons-codec\1.12\commons-codec-1.12.jar;C:\Users\GSharma\.m2\repository\org\apache\commons\commons-collections4\4.3\commons-collections4-4.3.jar;C:\Users\GSharma\.m2\repository\org\apache\commons\commons-math3\3.6.1\commons-math3-3.6.1.jar;D:\ATUTestRecorder_2.1\ATUTestRecorder_2.1.jar;"/>
    <property name="sun.cpu.endian" value="little"/>
    <property name="user.home" value="C:\Users\GSharma"/>
    <property name="user.language" value="en"/>
    <property name="java.specification.vendor" value="Oracle Corporation"/>
    <property name="java.version.date" value="2021-01-19"/>
    <property name="java.home" value="C:\Users\GSharma\.p2\pool\plugins\org.eclipse.justj.openjdk.hotspot.jre.full.win32.x86_64_15.0.2.v20210201-0955\jre"/>
    <property name="file.separator" value="\"/>
    <property name="basedir" value="C:\Users\GSharma\eclipse-workspace\Assignment\AssignmentProject_POM_Framework"/>
    <property name="java.vm.compressedOopsMode" value="32-bit"/>
    <property name="line.separator" value="&#10;"/>
    <property name="java.vm.specification.vendor" value="Oracle Corporation"/>
    <property name="java.specification.name" value="Java Platform API Specification"/>
    <property name="surefire.real.class.path" value="C:\Users\GSharma\AppData\Local\Temp\surefire12244704255981537982\surefirebooter18436917104260139175.jar"/>
    <property name="user.script" value=""/>
    <property name="sun.management.compiler" value="HotSpot 64-Bit Tiered Compilers"/>
    <property name="java.runtime.version" value="15.0.2+7-27"/>
    <property name="user.name" value="GSharma"/>
    <property name="path.separator" value=";"/>
    <property name="os.version" value="10.0"/>
    <property name="java.runtime.name" value="OpenJDK Runtime Environment"/>
    <property name="file.encoding" value="Cp1252"/>
    <property name="java.vm.name" value="OpenJDK 64-Bit Server VM"/>
    <property name="localRepository" value="C:\Users\GSharma\.m2\repository"/>
    <property name="java.vendor.url.bug" value="https://bugreport.java.com/bugreport/"/>
    <property name="java.io.tmpdir" value="C:\Users\GSharma\AppData\Local\Temp\"/>
    <property name="java.version" value="15.0.2"/>
    <property name="user.dir" value="C:\Users\GSharma\eclipse-workspace\Assignment\AssignmentProject_POM_Framework"/>
    <property name="os.arch" value="amd64"/>
    <property name="java.vm.specification.name" value="Java Virtual Machine Specification"/>
    <property name="env" value="true"/>
    <property name="sun.os.patch.level" value=""/>
    <property name="java.library.path" value="C:\Users\GSharma\.p2\pool\plugins\org.eclipse.justj.openjdk.hotspot.jre.full.win32.x86_64_15.0.2.v20210201-0955\jre\bin;C:\Windows\Sun\Java\bin;C:\Windows\system32;C:\Windows;C:/Users/GSharma/.p2/pool/plugins/org.eclipse.justj.openjdk.hotspot.jre.full.win32.x86_64_15.0.2.v20210201-0955/jre/bin/server;C:/Users/GSharma/.p2/pool/plugins/org.eclipse.justj.openjdk.hotspot.jre.full.win32.x86_64_15.0.2.v20210201-0955/jre/bin;C:\Program Files (x86)\RSA SecurID Token Common;C:\Program Files\RSA SecurID Token Common;C:\Windows\system32;C:\Windows;C:\Windows\System32\Wbem;C:\Windows\System32\WindowsPowerShell\v1.0\;C:\Windows\System32\OpenSSH\;C:\Program Files (x86)\Sennheiser\SoftphoneSDK\;C:\Program Files\Microsoft VS Code\bin;C:\Users\GSharma\AppData\Local\Microsoft\WindowsApps;;C:\Windows\System32;;."/>
    <property name="java.vm.info" value="mixed mode"/>
    <property name="java.vendor" value="Oracle Corporation"/>
    <property name="java.vm.version" value="15.0.2+7-27"/>
    <property name="sun.io.unicode.encoding" value="UnicodeLittle"/>
    <property name="java.class.version" value="59.0"/>
  </properties>
  <testcase name="login" classname="test.java.Book1On1_testcases" time="4.538"/>
  <testcase name="verifyMyBookingPageTitle" classname="test.java.Book1On1_testcases" time="0.006"/>
  <testcase name="verifyBook1On1SuccessMessage" classname="test.java.Book1On1_testcases" time="7.842"/>
  <testcase name="verifySlotOnMyBookings" classname="test.java.Book1On1_testcases" time="8.203"/>
</testsuite>