<?xml version="1.0" encoding="UTF-8"?>
<!-- Generated by org.testng.reporters.JUnitReportReporter -->
<testsuite hostname="PTPL-LAP-088" failures="0" tests="4" name="test.java.Book1On1_testcases" time="24.680" errors="0" timestamp="22 Apr 2021 12:48:52 GMT" skipped="0">
  <testcase classname="test.java.Book1On1_testcases" name="login" time="4.864"/>
  <testcase classname="test.java.Book1On1_testcases" name="verifyMyBookingPageTitle" time="3.099"/>
  <testcase classname="test.java.Book1On1_testcases" name="verifySlotOnMyBookings" time="8.482"/>
  <testcase classname="test.java.Book1On1_testcases" name="verifyBook1On1SuccessMessage" time="8.235"/>
</testsuite> <!-- test.java.Book1On1_testcases -->
